<?xml version="1.0" encoding="UTF-8"?>
<!-- Generated by org.testng.reporters.JUnitXMLReporter -->
<testsuite ignored="0" hostname="DESKTOP-AI374LA" failures="1" tests="1" name="Test" time="0.104" errors="0" timestamp="2024-07-13T00:13:58 EEST">
  <testcase classname="PankajAutomation.pageobjects.StandAloneTest" name="submitorder" time="0.023">
    <failure type="java.io.FileNotFoundException" message="C:\Users\lenovo\eclipse-workspace\SeleniumFrameworkDesign\src\main\resources\GlobalData.properties (The system cannot find the path specified)">
      <![CDATA[java.io.FileNotFoundException: C:\Users\lenovo\eclipse-workspace\SeleniumFrameworkDesign\src\main\resources\GlobalData.properties (The system cannot find the path specified)
at java.base/java.io.FileInputStream.open0(Native Method)
at java.base/java.io.FileInputStream.open(FileInputStream.java:213)
at java.base/java.io.FileInputStream.<init>(FileInputStream.java:152)
at java.base/java.io.FileInputStream.<init>(FileInputStream.java:106)
at PankajAutomation.TestComponents.BaseTest.initializeDriver(BaseTest.java:32)
at PankajAutomation.TestComponents.BaseTest.launchApplication(BaseTest.java:58)
at PankajAutomation.pageobjects.StandAloneTest.submitorder(StandAloneTest.java:29)
at java.base/java.util.ArrayList.forEach(ArrayList.java:1596)
... Removed 25 stack frames]]>
    </failure>
  </testcase> <!-- submitorder -->
</testsuite> <!-- Test -->
